<?xml version="1.0" encoding="UTF-8"?>
<testng-results ignored="0" total="60" passed="53" failed="7" skipped="0">
  <reporter-output>
  </reporter-output>
  <suite started-at="2025-03-26T18:26:03 CDT" name="Default suite" finished-at="2025-03-26T18:27:04 CDT" duration-ms="61532">
    <groups>
      <group name="cucumber">
        <method signature="AbstractTestNGCucumberTests.runScenario(io.cucumber.testng.PickleWrapper,io.cucumber.testng.FeatureWrapper)[pri:0, instance:testRunner.TestRunner@581ac8a8]" name="runScenario" class="io.cucumber.testng.AbstractTestNGCucumberTests"/>
      </group> <!-- cucumber -->
    </groups>
    <test started-at="2025-03-26T18:26:03 CDT" name="Default test" finished-at="2025-03-26T18:27:04 CDT" duration-ms="61532">
      <class name="testRunner.TestRunner">
        <test-method is-config="true" signature="setUpClass(org.testng.ITestContext)[pri:0, instance:testRunner.TestRunner@581ac8a8]" started-at="2025-03-26T18:26:03 CDT" name="setUpClass" finished-at="2025-03-26T18:26:13 CDT" duration-ms="9727" status="PASS">
          <params>
            <param index="0">
              <value>
                <![CDATA[org.testng.TestRunner@3b5d0c4d]]>
              </value>
            </param>
          </params>
          <reporter-output>
          </reporter-output>
        </test-method> <!-- setUpClass -->
        <test-method signature="runScenario(io.cucumber.testng.PickleWrapper,io.cucumber.testng.FeatureWrapper)[pri:0, instance:testRunner.TestRunner@581ac8a8]" started-at="2025-03-26T18:26:13 CDT" name="runScenario" description="Runs Cucumber Scenarios" data-provider="scenarios" finished-at="2025-03-26T18:26:17 CDT" duration-ms="3829" status="PASS">
          <params>
            <param index="0">
              <value>
                <![CDATA["Login functionality with different values from Tese data"]]>
              </value>
            </param>
            <param index="1">
              <value>
                <![CDATA["Login Functionality"]]>
              </value>
            </param>
          </params>
          <reporter-output>
          </reporter-output>
        </test-method> <!-- runScenario -->
        <test-method signature="runScenario(io.cucumber.testng.PickleWrapper,io.cucumber.testng.FeatureWrapper)[pri:0, instance:testRunner.TestRunner@581ac8a8]" started-at="2025-03-26T18:26:17 CDT" name="runScenario" description="Runs Cucumber Scenarios" data-provider="scenarios" finished-at="2025-03-26T18:26:17 CDT" duration-ms="614" status="PASS">
          <params>
            <param index="0">
              <value>
                <![CDATA["Login functionality with different values from Tese data"]]>
              </value>
            </param>
            <param index="1">
              <value>
                <![CDATA["Login Functionality"]]>
              </value>
            </param>
          </params>
          <reporter-output>
          </reporter-output>
        </test-method> <!-- runScenario -->
        <test-method signature="runScenario(io.cucumber.testng.PickleWrapper,io.cucumber.testng.FeatureWrapper)[pri:0, instance:testRunner.TestRunner@581ac8a8]" started-at="2025-03-26T18:26:17 CDT" name="runScenario" description="Runs Cucumber Scenarios" data-provider="scenarios" finished-at="2025-03-26T18:26:18 CDT" duration-ms="849" status="PASS">
          <params>
            <param index="0">
              <value>
                <![CDATA["Login functionality with different values from Tese data"]]>
              </value>
            </param>
            <param index="1">
              <value>
                <![CDATA["Login Functionality"]]>
              </value>
            </param>
          </params>
          <reporter-output>
          </reporter-output>
        </test-method> <!-- runScenario -->
        <test-method signature="runScenario(io.cucumber.testng.PickleWrapper,io.cucumber.testng.FeatureWrapper)[pri:0, instance:testRunner.TestRunner@581ac8a8]" started-at="2025-03-26T18:26:18 CDT" name="runScenario" description="Runs Cucumber Scenarios" data-provider="scenarios" finished-at="2025-03-26T18:26:19 CDT" duration-ms="603" status="FAIL">
          <params>
            <param index="0">
              <value>
                <![CDATA["Login functionality with different values from Tese data"]]>
              </value>
            </param>
            <param index="1">
              <value>
                <![CDATA["Login Functionality"]]>
              </value>
            </param>
          </params>
          <exception class="java.lang.AssertionError">
            <message>
              <![CDATA[The following asserts failed:
Status code mismatch! expected [404] but found [401]]]>
            </message>
            <full-stacktrace>
              <![CDATA[java.lang.AssertionError: The following asserts failed:
Status code mismatch! expected [404] but found [401]
at org.testng.asserts.SoftAssert.assertAll(SoftAssert.java:46)
at org.testng.asserts.SoftAssert.assertAll(SoftAssert.java:30)
at requestBuilder.CommonRequest.validateStatusCode(CommonRequest.java:70)
at stepDefinitions.LoginandLogout_Step.the_admin_get_invalid_endpoint_response_code_and_message_as_and(LoginandLogout_Step.java:103)
at ✽.The Admin get invalid Endpoint response code and message as "login" and "TC_04_login"(file:///C:/Users/ems11/Desktop/ElamathiProjects/Team04_RestfulRebels_APIPhase2/Team04_RestfulRebels/src/test/resources/features/01Login.feature:8)
]]>
            </full-stacktrace>
          </exception> <!-- java.lang.AssertionError -->
          <reporter-output>
          </reporter-output>
        </test-method> <!-- runScenario -->
        <test-method signature="runScenario(io.cucumber.testng.PickleWrapper,io.cucumber.testng.FeatureWrapper)[pri:0, instance:testRunner.TestRunner@581ac8a8]" started-at="2025-03-26T18:26:19 CDT" name="runScenario" description="Runs Cucumber Scenarios" data-provider="scenarios" finished-at="2025-03-26T18:26:20 CDT" duration-ms="953" status="PASS">
          <params>
            <param index="0">
              <value>
                <![CDATA["Login functionality with different values from Tese data"]]>
              </value>
            </param>
            <param index="1">
              <value>
                <![CDATA["Login Functionality"]]>
              </value>
            </param>
          </params>
          <reporter-output>
          </reporter-output>
        </test-method> <!-- runScenario -->
        <test-method signature="runScenario(io.cucumber.testng.PickleWrapper,io.cucumber.testng.FeatureWrapper)[pri:0, instance:testRunner.TestRunner@581ac8a8]" started-at="2025-03-26T18:26:20 CDT" name="runScenario" description="Runs Cucumber Scenarios" data-provider="scenarios" finished-at="2025-03-26T18:26:20 CDT" duration-ms="898" status="PASS">
          <params>
            <param index="0">
              <value>
                <![CDATA["Login functionality with different values from Tese data"]]>
              </value>
            </param>
            <param index="1">
              <value>
                <![CDATA["Login Functionality"]]>
              </value>
            </param>
          </params>
          <reporter-output>
          </reporter-output>
        </test-method> <!-- runScenario -->
        <test-method signature="runScenario(io.cucumber.testng.PickleWrapper,io.cucumber.testng.FeatureWrapper)[pri:0, instance:testRunner.TestRunner@581ac8a8]" started-at="2025-03-26T18:26:20 CDT" name="runScenario" description="Runs Cucumber Scenarios" data-provider="scenarios" finished-at="2025-03-26T18:26:22 CDT" duration-ms="1018" status="FAIL">
          <params>
            <param index="0">
              <value>
                <![CDATA["Creating Class with different values from Test data"]]>
              </value>
            </param>
            <param index="1">
              <value>
                <![CDATA["Class Module Functionality"]]>
              </value>
            </param>
          </params>
          <exception class="java.lang.AssertionError">
            <message>
              <![CDATA[The following asserts failed:
Status code mismatch! expected [201] but found [400]]]>
            </message>
            <full-stacktrace>
              <![CDATA[java.lang.AssertionError: The following asserts failed:
Status code mismatch! expected [201] but found [400]
at org.testng.asserts.SoftAssert.assertAll(SoftAssert.java:46)
at org.testng.asserts.SoftAssert.assertAll(SoftAssert.java:30)
at requestBuilder.CommonRequest.validateStatusCode(CommonRequest.java:70)
at stepDefinitions.Class_Step.the_admin_get_valid_data_response_code_and_message_as_and_for_class(Class_Step.java:44)
at ✽.The Admin get valid data response code and message as "class" and "TC_01_class_post" for Class(file:///C:/Users/ems11/Desktop/ElamathiProjects/Team04_RestfulRebels_APIPhase2/Team04_RestfulRebels/src/test/resources/features/05Class.feature:11)
]]>
            </full-stacktrace>
          </exception> <!-- java.lang.AssertionError -->
          <reporter-output>
          </reporter-output>
        </test-method> <!-- runScenario -->
        <test-method signature="runScenario(io.cucumber.testng.PickleWrapper,io.cucumber.testng.FeatureWrapper)[pri:0, instance:testRunner.TestRunner@581ac8a8]" started-at="2025-03-26T18:26:22 CDT" name="runScenario" description="Runs Cucumber Scenarios" data-provider="scenarios" finished-at="2025-03-26T18:26:23 CDT" duration-ms="1052" status="FAIL">
          <params>
            <param index="0">
              <value>
                <![CDATA["Creating Class with different values from Test data"]]>
              </value>
            </param>
            <param index="1">
              <value>
                <![CDATA["Class Module Functionality"]]>
              </value>
            </param>
          </params>
          <exception class="java.lang.AssertionError">
            <message>
              <![CDATA[The following asserts failed:
Status code mismatch! expected [201] but found [400]]]>
            </message>
            <full-stacktrace>
              <![CDATA[java.lang.AssertionError: The following asserts failed:
Status code mismatch! expected [201] but found [400]
at org.testng.asserts.SoftAssert.assertAll(SoftAssert.java:46)
at org.testng.asserts.SoftAssert.assertAll(SoftAssert.java:30)
at requestBuilder.CommonRequest.validateStatusCode(CommonRequest.java:70)
at stepDefinitions.Class_Step.the_admin_get_mandatory_fields_response_code_and_message_as_and_for_class(Class_Step.java:65)
at ✽.The Admin get mandatory fields response code and message as "class" and "TC_02_class_post" for Class(file:///C:/Users/ems11/Desktop/ElamathiProjects/Team04_RestfulRebels_APIPhase2/Team04_RestfulRebels/src/test/resources/features/05Class.feature:11)
]]>
            </full-stacktrace>
          </exception> <!-- java.lang.AssertionError -->
          <reporter-output>
          </reporter-output>
        </test-method> <!-- runScenario -->
        <test-method signature="runScenario(io.cucumber.testng.PickleWrapper,io.cucumber.testng.FeatureWrapper)[pri:0, instance:testRunner.TestRunner@581ac8a8]" started-at="2025-03-26T18:26:23 CDT" name="runScenario" description="Runs Cucumber Scenarios" data-provider="scenarios" finished-at="2025-03-26T18:26:23 CDT" duration-ms="594" status="PASS">
          <params>
            <param index="0">
              <value>
                <![CDATA["Creating Class with different values from Test data"]]>
              </value>
            </param>
            <param index="1">
              <value>
                <![CDATA["Class Module Functionality"]]>
              </value>
            </param>
          </params>
          <reporter-output>
          </reporter-output>
        </test-method> <!-- runScenario -->
        <test-method signature="runScenario(io.cucumber.testng.PickleWrapper,io.cucumber.testng.FeatureWrapper)[pri:0, instance:testRunner.TestRunner@581ac8a8]" started-at="2025-03-26T18:26:23 CDT" name="runScenario" description="Runs Cucumber Scenarios" data-provider="scenarios" finished-at="2025-03-26T18:26:24 CDT" duration-ms="1024" status="FAIL">
          <params>
            <param index="0">
              <value>
                <![CDATA["Creating Class with different values from Test data"]]>
              </value>
            </param>
            <param index="1">
              <value>
                <![CDATA["Class Module Functionality"]]>
              </value>
            </param>
          </params>
          <exception class="java.lang.AssertionError">
            <message>
              <![CDATA[The following asserts failed:
Status code mismatch! expected [400] but found [201]]]>
            </message>
            <full-stacktrace>
              <![CDATA[java.lang.AssertionError: The following asserts failed:
Status code mismatch! expected [400] but found [201]
at org.testng.asserts.SoftAssert.assertAll(SoftAssert.java:46)
at org.testng.asserts.SoftAssert.assertAll(SoftAssert.java:30)
at requestBuilder.CommonRequest.validateStatusCode(CommonRequest.java:70)
at stepDefinitions.Class_Step.the_admin_get_invalid_data_response_code_and_message_as_and_for_class(Class_Step.java:105)
at ✽.The Admin get invalid data response code and message as "class" and "TC_04_class_post" for Class(file:///C:/Users/ems11/Desktop/ElamathiProjects/Team04_RestfulRebels_APIPhase2/Team04_RestfulRebels/src/test/resources/features/05Class.feature:11)
]]>
            </full-stacktrace>
          </exception> <!-- java.lang.AssertionError -->
          <reporter-output>
          </reporter-output>
        </test-method> <!-- runScenario -->
        <test-method signature="runScenario(io.cucumber.testng.PickleWrapper,io.cucumber.testng.FeatureWrapper)[pri:0, instance:testRunner.TestRunner@581ac8a8]" started-at="2025-03-26T18:26:24 CDT" name="runScenario" description="Runs Cucumber Scenarios" data-provider="scenarios" finished-at="2025-03-26T18:26:25 CDT" duration-ms="598" status="PASS">
          <params>
            <param index="0">
              <value>
                <![CDATA["Creating Class with different values from Test data"]]>
              </value>
            </param>
            <param index="1">
              <value>
                <![CDATA["Class Module Functionality"]]>
              </value>
            </param>
          </params>
          <reporter-output>
          </reporter-output>
        </test-method> <!-- runScenario -->
        <test-method signature="runScenario(io.cucumber.testng.PickleWrapper,io.cucumber.testng.FeatureWrapper)[pri:0, instance:testRunner.TestRunner@581ac8a8]" started-at="2025-03-26T18:26:25 CDT" name="runScenario" description="Runs Cucumber Scenarios" data-provider="scenarios" finished-at="2025-03-26T18:26:25 CDT" duration-ms="597" status="PASS">
          <params>
            <param index="0">
              <value>
                <![CDATA["Creating Class with different values from Test data"]]>
              </value>
            </param>
            <param index="1">
              <value>
                <![CDATA["Class Module Functionality"]]>
              </value>
            </param>
          </params>
          <reporter-output>
          </reporter-output>
        </test-method> <!-- runScenario -->
        <test-method signature="runScenario(io.cucumber.testng.PickleWrapper,io.cucumber.testng.FeatureWrapper)[pri:0, instance:testRunner.TestRunner@581ac8a8]" started-at="2025-03-26T18:26:25 CDT" name="runScenario" description="Runs Cucumber Scenarios" data-provider="scenarios" finished-at="2025-03-26T18:26:26 CDT" duration-ms="610" status="PASS">
          <params>
            <param index="0">
              <value>
                <![CDATA["Creating Class with different values from Test data"]]>
              </value>
            </param>
            <param index="1">
              <value>
                <![CDATA["Class Module Functionality"]]>
              </value>
            </param>
          </params>
          <reporter-output>
          </reporter-output>
        </test-method> <!-- runScenario -->
        <test-method signature="runScenario(io.cucumber.testng.PickleWrapper,io.cucumber.testng.FeatureWrapper)[pri:0, instance:testRunner.TestRunner@581ac8a8]" started-at="2025-03-26T18:26:26 CDT" name="runScenario" description="Runs Cucumber Scenarios" data-provider="scenarios" finished-at="2025-03-26T18:26:27 CDT" duration-ms="846" status="PASS">
          <params>
            <param index="0">
              <value>
                <![CDATA["Updating Class with different values from Test data"]]>
              </value>
            </param>
            <param index="1">
              <value>
                <![CDATA["Class Module Functionality"]]>
              </value>
            </param>
          </params>
          <reporter-output>
          </reporter-output>
        </test-method> <!-- runScenario -->
        <test-method signature="runScenario(io.cucumber.testng.PickleWrapper,io.cucumber.testng.FeatureWrapper)[pri:0, instance:testRunner.TestRunner@581ac8a8]" started-at="2025-03-26T18:26:27 CDT" name="runScenario" description="Runs Cucumber Scenarios" data-provider="scenarios" finished-at="2025-03-26T18:26:27 CDT" duration-ms="593" status="PASS">
          <params>
            <param index="0">
              <value>
                <![CDATA["Updating Class with different values from Test data"]]>
              </value>
            </param>
            <param index="1">
              <value>
                <![CDATA["Class Module Functionality"]]>
              </value>
            </param>
          </params>
          <reporter-output>
          </reporter-output>
        </test-method> <!-- runScenario -->
        <test-method signature="runScenario(io.cucumber.testng.PickleWrapper,io.cucumber.testng.FeatureWrapper)[pri:0, instance:testRunner.TestRunner@581ac8a8]" started-at="2025-03-26T18:26:27 CDT" name="runScenario" description="Runs Cucumber Scenarios" data-provider="scenarios" finished-at="2025-03-26T18:26:28 CDT" duration-ms="785" status="FAIL">
          <params>
            <param index="0">
              <value>
                <![CDATA["Updating Class with different values from Test data"]]>
              </value>
            </param>
            <param index="1">
              <value>
                <![CDATA["Class Module Functionality"]]>
              </value>
            </param>
          </params>
          <exception class="java.lang.AssertionError">
            <message>
              <![CDATA[The following asserts failed:
Status code mismatch! expected [400] but found [401]]]>
            </message>
            <full-stacktrace>
              <![CDATA[java.lang.AssertionError: The following asserts failed:
Status code mismatch! expected [400] but found [401]
at org.testng.asserts.SoftAssert.assertAll(SoftAssert.java:46)
at org.testng.asserts.SoftAssert.assertAll(SoftAssert.java:30)
at requestBuilder.CommonRequest.validateStatusCode(CommonRequest.java:70)
at stepDefinitions.Class_Step.the_admin_get_additional_fields_response_code_and_message_as_and_for_class(Class_Step.java:87)
at ✽.The Admin get additional fields response code and message as "class" and "TC_03_class_put" for Class(file:///C:/Users/ems11/Desktop/ElamathiProjects/Team04_RestfulRebels_APIPhase2/Team04_RestfulRebels/src/test/resources/features/05Class.feature:28)
]]>
            </full-stacktrace>
          </exception> <!-- java.lang.AssertionError -->
          <reporter-output>
          </reporter-output>
        </test-method> <!-- runScenario -->
        <test-method signature="runScenario(io.cucumber.testng.PickleWrapper,io.cucumber.testng.FeatureWrapper)[pri:0, instance:testRunner.TestRunner@581ac8a8]" started-at="2025-03-26T18:26:28 CDT" name="runScenario" description="Runs Cucumber Scenarios" data-provider="scenarios" finished-at="2025-03-26T18:26:29 CDT" duration-ms="738" status="PASS">
          <params>
            <param index="0">
              <value>
                <![CDATA["Updating Class with different values from Test data"]]>
              </value>
            </param>
            <param index="1">
              <value>
                <![CDATA["Class Module Functionality"]]>
              </value>
            </param>
          </params>
          <reporter-output>
          </reporter-output>
        </test-method> <!-- runScenario -->
        <test-method signature="runScenario(io.cucumber.testng.PickleWrapper,io.cucumber.testng.FeatureWrapper)[pri:0, instance:testRunner.TestRunner@581ac8a8]" started-at="2025-03-26T18:26:29 CDT" name="runScenario" description="Runs Cucumber Scenarios" data-provider="scenarios" finished-at="2025-03-26T18:26:30 CDT" duration-ms="626" status="FAIL">
          <params>
            <param index="0">
              <value>
                <![CDATA["Updating Class with different values from Test data"]]>
              </value>
            </param>
            <param index="1">
              <value>
                <![CDATA["Class Module Functionality"]]>
              </value>
            </param>
          </params>
          <exception class="java.lang.AssertionError">
            <message>
              <![CDATA[The following asserts failed:
Status code mismatch! expected [400] but found [200]]]>
            </message>
            <full-stacktrace>
              <![CDATA[java.lang.AssertionError: The following asserts failed:
Status code mismatch! expected [400] but found [200]
at org.testng.asserts.SoftAssert.assertAll(SoftAssert.java:46)
at org.testng.asserts.SoftAssert.assertAll(SoftAssert.java:30)
at requestBuilder.CommonRequest.validateStatusCode(CommonRequest.java:70)
at stepDefinitions.Class_Step.the_admin_get_invalid_topic_response_code_and_message_as_and_for_class(Class_Step.java:223)
at ✽.The Admin get invalid Topic response code and message as "class" and "TC_05_class_put" for Class(file:///C:/Users/ems11/Desktop/ElamathiProjects/Team04_RestfulRebels_APIPhase2/Team04_RestfulRebels/src/test/resources/features/05Class.feature:28)
]]>
            </full-stacktrace>
          </exception> <!-- java.lang.AssertionError -->
          <reporter-output>
          </reporter-output>
        </test-method> <!-- runScenario -->
        <test-method signature="runScenario(io.cucumber.testng.PickleWrapper,io.cucumber.testng.FeatureWrapper)[pri:0, instance:testRunner.TestRunner@581ac8a8]" started-at="2025-03-26T18:26:30 CDT" name="runScenario" description="Runs Cucumber Scenarios" data-provider="scenarios" finished-at="2025-03-26T18:26:30 CDT" duration-ms="594" status="PASS">
          <params>
            <param index="0">
              <value>
                <![CDATA["Updating Class with different values from Test data"]]>
              </value>
            </param>
            <param index="1">
              <value>
                <![CDATA["Class Module Functionality"]]>
              </value>
            </param>
          </params>
          <reporter-output>
          </reporter-output>
        </test-method> <!-- runScenario -->
        <test-method signature="runScenario(io.cucumber.testng.PickleWrapper,io.cucumber.testng.FeatureWrapper)[pri:0, instance:testRunner.TestRunner@581ac8a8]" started-at="2025-03-26T18:26:30 CDT" name="runScenario" description="Runs Cucumber Scenarios" data-provider="scenarios" finished-at="2025-03-26T18:26:31 CDT" duration-ms="617" status="PASS">
          <params>
            <param index="0">
              <value>
                <![CDATA["Updating Class with different values from Test data"]]>
              </value>
            </param>
            <param index="1">
              <value>
                <![CDATA["Class Module Functionality"]]>
              </value>
            </param>
          </params>
          <reporter-output>
          </reporter-output>
        </test-method> <!-- runScenario -->
        <test-method signature="runScenario(io.cucumber.testng.PickleWrapper,io.cucumber.testng.FeatureWrapper)[pri:0, instance:testRunner.TestRunner@581ac8a8]" started-at="2025-03-26T18:26:31 CDT" name="runScenario" description="Runs Cucumber Scenarios" data-provider="scenarios" finished-at="2025-03-26T18:26:32 CDT" duration-ms="815" status="PASS">
          <params>
            <param index="0">
              <value>
                <![CDATA["Updating Class with different values from Test data"]]>
              </value>
            </param>
            <param index="1">
              <value>
                <![CDATA["Class Module Functionality"]]>
              </value>
            </param>
          </params>
          <reporter-output>
          </reporter-output>
        </test-method> <!-- runScenario -->
        <test-method signature="runScenario(io.cucumber.testng.PickleWrapper,io.cucumber.testng.FeatureWrapper)[pri:0, instance:testRunner.TestRunner@581ac8a8]" started-at="2025-03-26T18:26:32 CDT" name="runScenario" description="Runs Cucumber Scenarios" data-provider="scenarios" finished-at="2025-03-26T18:26:33 CDT" duration-ms="1026" status="PASS">
          <params>
            <param index="0">
              <value>
                <![CDATA["Updating Class with different values from Test data"]]>
              </value>
            </param>
            <param index="1">
              <value>
                <![CDATA["Class Module Functionality"]]>
              </value>
            </param>
          </params>
          <reporter-output>
          </reporter-output>
        </test-method> <!-- runScenario -->
        <test-method signature="runScenario(io.cucumber.testng.PickleWrapper,io.cucumber.testng.FeatureWrapper)[pri:0, instance:testRunner.TestRunner@581ac8a8]" started-at="2025-03-26T18:26:33 CDT" name="runScenario" description="Runs Cucumber Scenarios" data-provider="scenarios" finished-at="2025-03-26T18:26:33 CDT" duration-ms="572" status="PASS">
          <params>
            <param index="0">
              <value>
                <![CDATA["Updating Class with different values from Test data"]]>
              </value>
            </param>
            <param index="1">
              <value>
                <![CDATA["Class Module Functionality"]]>
              </value>
            </param>
          </params>
          <reporter-output>
          </reporter-output>
        </test-method> <!-- runScenario -->
        <test-method signature="runScenario(io.cucumber.testng.PickleWrapper,io.cucumber.testng.FeatureWrapper)[pri:0, instance:testRunner.TestRunner@581ac8a8]" started-at="2025-03-26T18:26:33 CDT" name="runScenario" description="Runs Cucumber Scenarios" data-provider="scenarios" finished-at="2025-03-26T18:26:34 CDT" duration-ms="1070" status="FAIL">
          <params>
            <param index="0">
              <value>
                <![CDATA["Updating Class with different values from Test data"]]>
              </value>
            </param>
            <param index="1">
              <value>
                <![CDATA["Class Module Functionality"]]>
              </value>
            </param>
          </params>
          <exception class="java.lang.AssertionError">
            <message>
              <![CDATA[The following asserts failed:
Status code mismatch! expected [400] but found [200]]]>
            </message>
            <full-stacktrace>
              <![CDATA[java.lang.AssertionError: The following asserts failed:
Status code mismatch! expected [400] but found [200]
at org.testng.asserts.SoftAssert.assertAll(SoftAssert.java:46)
at org.testng.asserts.SoftAssert.assertAll(SoftAssert.java:30)
at requestBuilder.CommonRequest.validateStatusCode(CommonRequest.java:70)
at stepDefinitions.Class_Step.the_admin_get_invalidData_allrecordings_response_code_and_message_as_and_for_class(Class_Step.java:303)
at ✽.The Admin get invalidData allrecordings response code and message as "class" and "TC_11_classAllRecord_put" for Class(file:///C:/Users/ems11/Desktop/ElamathiProjects/Team04_RestfulRebels_APIPhase2/Team04_RestfulRebels/src/test/resources/features/05Class.feature:28)
]]>
            </full-stacktrace>
          </exception> <!-- java.lang.AssertionError -->
          <reporter-output>
          </reporter-output>
        </test-method> <!-- runScenario -->
        <test-method signature="runScenario(io.cucumber.testng.PickleWrapper,io.cucumber.testng.FeatureWrapper)[pri:0, instance:testRunner.TestRunner@581ac8a8]" started-at="2025-03-26T18:26:34 CDT" name="runScenario" description="Runs Cucumber Scenarios" data-provider="scenarios" finished-at="2025-03-26T18:26:35 CDT" duration-ms="921" status="PASS">
          <params>
            <param index="0">
              <value>
                <![CDATA["Updating Class with different values from Test data"]]>
              </value>
            </param>
            <param index="1">
              <value>
                <![CDATA["Class Module Functionality"]]>
              </value>
            </param>
          </params>
          <reporter-output>
          </reporter-output>
        </test-method> <!-- runScenario -->
        <test-method signature="runScenario(io.cucumber.testng.PickleWrapper,io.cucumber.testng.FeatureWrapper)[pri:0, instance:testRunner.TestRunner@581ac8a8]" started-at="2025-03-26T18:26:35 CDT" name="runScenario" description="Runs Cucumber Scenarios" data-provider="scenarios" finished-at="2025-03-26T18:26:36 CDT" duration-ms="511" status="PASS">
          <params>
            <param index="0">
              <value>
                <![CDATA["Updating Class with different values from Test data"]]>
              </value>
            </param>
            <param index="1">
              <value>
                <![CDATA["Class Module Functionality"]]>
              </value>
            </param>
          </params>
          <reporter-output>
          </reporter-output>
        </test-method> <!-- runScenario -->
        <test-method signature="runScenario(io.cucumber.testng.PickleWrapper,io.cucumber.testng.FeatureWrapper)[pri:0, instance:testRunner.TestRunner@581ac8a8]" started-at="2025-03-26T18:26:36 CDT" name="runScenario" description="Runs Cucumber Scenarios" data-provider="scenarios" finished-at="2025-03-26T18:26:38 CDT" duration-ms="1778" status="PASS">
          <params>
            <param index="0">
              <value>
                <![CDATA["Get functionality for different endpoints for class"]]>
              </value>
            </param>
            <param index="1">
              <value>
                <![CDATA["Class Module Functionality"]]>
              </value>
            </param>
          </params>
          <reporter-output>
          </reporter-output>
        </test-method> <!-- runScenario -->
        <test-method signature="runScenario(io.cucumber.testng.PickleWrapper,io.cucumber.testng.FeatureWrapper)[pri:0, instance:testRunner.TestRunner@581ac8a8]" started-at="2025-03-26T18:26:38 CDT" name="runScenario" description="Runs Cucumber Scenarios" data-provider="scenarios" finished-at="2025-03-26T18:26:39 CDT" duration-ms="1074" status="PASS">
          <params>
            <param index="0">
              <value>
                <![CDATA["Get functionality for different endpoints for class"]]>
              </value>
            </param>
            <param index="1">
              <value>
                <![CDATA["Class Module Functionality"]]>
              </value>
            </param>
          </params>
          <reporter-output>
          </reporter-output>
        </test-method> <!-- runScenario -->
        <test-method signature="runScenario(io.cucumber.testng.PickleWrapper,io.cucumber.testng.FeatureWrapper)[pri:0, instance:testRunner.TestRunner@581ac8a8]" started-at="2025-03-26T18:26:39 CDT" name="runScenario" description="Runs Cucumber Scenarios" data-provider="scenarios" finished-at="2025-03-26T18:26:39 CDT" duration-ms="754" status="PASS">
          <params>
            <param index="0">
              <value>
                <![CDATA["Get functionality for different endpoints for class"]]>
              </value>
            </param>
            <param index="1">
              <value>
                <![CDATA["Class Module Functionality"]]>
              </value>
            </param>
          </params>
          <reporter-output>
          </reporter-output>
        </test-method> <!-- runScenario -->
        <test-method signature="runScenario(io.cucumber.testng.PickleWrapper,io.cucumber.testng.FeatureWrapper)[pri:0, instance:testRunner.TestRunner@581ac8a8]" started-at="2025-03-26T18:26:39 CDT" name="runScenario" description="Runs Cucumber Scenarios" data-provider="scenarios" finished-at="2025-03-26T18:26:40 CDT" duration-ms="876" status="PASS">
          <params>
            <param index="0">
              <value>
                <![CDATA["Get functionality for different endpoints for class"]]>
              </value>
            </param>
            <param index="1">
              <value>
                <![CDATA["Class Module Functionality"]]>
              </value>
            </param>
          </params>
          <reporter-output>
          </reporter-output>
        </test-method> <!-- runScenario -->
        <test-method signature="runScenario(io.cucumber.testng.PickleWrapper,io.cucumber.testng.FeatureWrapper)[pri:0, instance:testRunner.TestRunner@581ac8a8]" started-at="2025-03-26T18:26:40 CDT" name="runScenario" description="Runs Cucumber Scenarios" data-provider="scenarios" finished-at="2025-03-26T18:26:41 CDT" duration-ms="919" status="PASS">
          <params>
            <param index="0">
              <value>
                <![CDATA["Get functionality for different endpoints for class"]]>
              </value>
            </param>
            <param index="1">
              <value>
                <![CDATA["Class Module Functionality"]]>
              </value>
            </param>
          </params>
          <reporter-output>
          </reporter-output>
        </test-method> <!-- runScenario -->
        <test-method signature="runScenario(io.cucumber.testng.PickleWrapper,io.cucumber.testng.FeatureWrapper)[pri:0, instance:testRunner.TestRunner@581ac8a8]" started-at="2025-03-26T18:26:41 CDT" name="runScenario" description="Runs Cucumber Scenarios" data-provider="scenarios" finished-at="2025-03-26T18:26:42 CDT" duration-ms="629" status="PASS">
          <params>
            <param index="0">
              <value>
                <![CDATA["Get functionality for different endpoints for class"]]>
              </value>
            </param>
            <param index="1">
              <value>
                <![CDATA["Class Module Functionality"]]>
              </value>
            </param>
          </params>
          <reporter-output>
          </reporter-output>
        </test-method> <!-- runScenario -->
        <test-method signature="runScenario(io.cucumber.testng.PickleWrapper,io.cucumber.testng.FeatureWrapper)[pri:0, instance:testRunner.TestRunner@581ac8a8]" started-at="2025-03-26T18:26:42 CDT" name="runScenario" description="Runs Cucumber Scenarios" data-provider="scenarios" finished-at="2025-03-26T18:26:44 CDT" duration-ms="2554" status="PASS">
          <params>
            <param index="0">
              <value>
                <![CDATA["Get functionality for different endpoints for class"]]>
              </value>
            </param>
            <param index="1">
              <value>
                <![CDATA["Class Module Functionality"]]>
              </value>
            </param>
          </params>
          <reporter-output>
          </reporter-output>
        </test-method> <!-- runScenario -->
        <test-method signature="runScenario(io.cucumber.testng.PickleWrapper,io.cucumber.testng.FeatureWrapper)[pri:0, instance:testRunner.TestRunner@581ac8a8]" started-at="2025-03-26T18:26:44 CDT" name="runScenario" description="Runs Cucumber Scenarios" data-provider="scenarios" finished-at="2025-03-26T18:26:45 CDT" duration-ms="607" status="PASS">
          <params>
            <param index="0">
              <value>
                <![CDATA["Get functionality for different endpoints for class"]]>
              </value>
            </param>
            <param index="1">
              <value>
                <![CDATA["Class Module Functionality"]]>
              </value>
            </param>
          </params>
          <reporter-output>
          </reporter-output>
        </test-method> <!-- runScenario -->
        <test-method signature="runScenario(io.cucumber.testng.PickleWrapper,io.cucumber.testng.FeatureWrapper)[pri:0, instance:testRunner.TestRunner@581ac8a8]" started-at="2025-03-26T18:26:45 CDT" name="runScenario" description="Runs Cucumber Scenarios" data-provider="scenarios" finished-at="2025-03-26T18:26:45 CDT" duration-ms="454" status="PASS">
          <params>
            <param index="0">
              <value>
                <![CDATA["Get functionality for different endpoints for class invalid scenarios"]]>
              </value>
            </param>
            <param index="1">
              <value>
                <![CDATA["Class Module Functionality"]]>
              </value>
            </param>
          </params>
          <reporter-output>
          </reporter-output>
        </test-method> <!-- runScenario -->
        <test-method signature="runScenario(io.cucumber.testng.PickleWrapper,io.cucumber.testng.FeatureWrapper)[pri:0, instance:testRunner.TestRunner@581ac8a8]" started-at="2025-03-26T18:26:45 CDT" name="runScenario" description="Runs Cucumber Scenarios" data-provider="scenarios" finished-at="2025-03-26T18:26:46 CDT" duration-ms="803" status="PASS">
          <params>
            <param index="0">
              <value>
                <![CDATA["Get functionality for different endpoints for class invalid scenarios"]]>
              </value>
            </param>
            <param index="1">
              <value>
                <![CDATA["Class Module Functionality"]]>
              </value>
            </param>
          </params>
          <reporter-output>
          </reporter-output>
        </test-method> <!-- runScenario -->
        <test-method signature="runScenario(io.cucumber.testng.PickleWrapper,io.cucumber.testng.FeatureWrapper)[pri:0, instance:testRunner.TestRunner@581ac8a8]" started-at="2025-03-26T18:26:46 CDT" name="runScenario" description="Runs Cucumber Scenarios" data-provider="scenarios" finished-at="2025-03-26T18:26:47 CDT" duration-ms="885" status="PASS">
          <params>
            <param index="0">
              <value>
                <![CDATA["Get functionality for different endpoints for class invalid scenarios"]]>
              </value>
            </param>
            <param index="1">
              <value>
                <![CDATA["Class Module Functionality"]]>
              </value>
            </param>
          </params>
          <reporter-output>
          </reporter-output>
        </test-method> <!-- runScenario -->
        <test-method signature="runScenario(io.cucumber.testng.PickleWrapper,io.cucumber.testng.FeatureWrapper)[pri:0, instance:testRunner.TestRunner@581ac8a8]" started-at="2025-03-26T18:26:47 CDT" name="runScenario" description="Runs Cucumber Scenarios" data-provider="scenarios" finished-at="2025-03-26T18:26:48 CDT" duration-ms="624" status="PASS">
          <params>
            <param index="0">
              <value>
                <![CDATA["Get functionality for different endpoints for class invalid scenarios"]]>
              </value>
            </param>
            <param index="1">
              <value>
                <![CDATA["Class Module Functionality"]]>
              </value>
            </param>
          </params>
          <reporter-output>
          </reporter-output>
        </test-method> <!-- runScenario -->
        <test-method signature="runScenario(io.cucumber.testng.PickleWrapper,io.cucumber.testng.FeatureWrapper)[pri:0, instance:testRunner.TestRunner@581ac8a8]" started-at="2025-03-26T18:26:48 CDT" name="runScenario" description="Runs Cucumber Scenarios" data-provider="scenarios" finished-at="2025-03-26T18:26:48 CDT" duration-ms="497" status="PASS">
          <params>
            <param index="0">
              <value>
                <![CDATA["Get functionality for different endpoints for class invalid scenarios"]]>
              </value>
            </param>
            <param index="1">
              <value>
                <![CDATA["Class Module Functionality"]]>
              </value>
            </param>
          </params>
          <reporter-output>
          </reporter-output>
        </test-method> <!-- runScenario -->
        <test-method signature="runScenario(io.cucumber.testng.PickleWrapper,io.cucumber.testng.FeatureWrapper)[pri:0, instance:testRunner.TestRunner@581ac8a8]" started-at="2025-03-26T18:26:48 CDT" name="runScenario" description="Runs Cucumber Scenarios" data-provider="scenarios" finished-at="2025-03-26T18:26:49 CDT" duration-ms="826" status="PASS">
          <params>
            <param index="0">
              <value>
                <![CDATA["Get functionality for different endpoints for class invalid scenarios"]]>
              </value>
            </param>
            <param index="1">
              <value>
                <![CDATA["Class Module Functionality"]]>
              </value>
            </param>
          </params>
          <reporter-output>
          </reporter-output>
        </test-method> <!-- runScenario -->
        <test-method signature="runScenario(io.cucumber.testng.PickleWrapper,io.cucumber.testng.FeatureWrapper)[pri:0, instance:testRunner.TestRunner@581ac8a8]" started-at="2025-03-26T18:26:49 CDT" name="runScenario" description="Runs Cucumber Scenarios" data-provider="scenarios" finished-at="2025-03-26T18:26:50 CDT" duration-ms="607" status="PASS">
          <params>
            <param index="0">
              <value>
                <![CDATA["Get functionality for different endpoints for class invalid scenarios"]]>
              </value>
            </param>
            <param index="1">
              <value>
                <![CDATA["Class Module Functionality"]]>
              </value>
            </param>
          </params>
          <reporter-output>
          </reporter-output>
        </test-method> <!-- runScenario -->
        <test-method signature="runScenario(io.cucumber.testng.PickleWrapper,io.cucumber.testng.FeatureWrapper)[pri:0, instance:testRunner.TestRunner@581ac8a8]" started-at="2025-03-26T18:26:50 CDT" name="runScenario" description="Runs Cucumber Scenarios" data-provider="scenarios" finished-at="2025-03-26T18:26:50 CDT" duration-ms="615" status="PASS">
          <params>
            <param index="0">
              <value>
                <![CDATA["Get functionality for different endpoints for class invalid scenarios"]]>
              </value>
            </param>
            <param index="1">
              <value>
                <![CDATA["Class Module Functionality"]]>
              </value>
            </param>
          </params>
          <reporter-output>
          </reporter-output>
        </test-method> <!-- runScenario -->
        <test-method signature="runScenario(io.cucumber.testng.PickleWrapper,io.cucumber.testng.FeatureWrapper)[pri:0, instance:testRunner.TestRunner@581ac8a8]" started-at="2025-03-26T18:26:50 CDT" name="runScenario" description="Runs Cucumber Scenarios" data-provider="scenarios" finished-at="2025-03-26T18:26:51 CDT" duration-ms="609" status="PASS">
          <params>
            <param index="0">
              <value>
                <![CDATA["Get functionality for different endpoints for class invalid scenarios"]]>
              </value>
            </param>
            <param index="1">
              <value>
                <![CDATA["Class Module Functionality"]]>
              </value>
            </param>
          </params>
          <reporter-output>
          </reporter-output>
        </test-method> <!-- runScenario -->
        <test-method signature="runScenario(io.cucumber.testng.PickleWrapper,io.cucumber.testng.FeatureWrapper)[pri:0, instance:testRunner.TestRunner@581ac8a8]" started-at="2025-03-26T18:26:51 CDT" name="runScenario" description="Runs Cucumber Scenarios" data-provider="scenarios" finished-at="2025-03-26T18:26:51 CDT" duration-ms="617" status="PASS">
          <params>
            <param index="0">
              <value>
                <![CDATA["Get functionality for different endpoints for class invalid scenarios"]]>
              </value>
            </param>
            <param index="1">
              <value>
                <![CDATA["Class Module Functionality"]]>
              </value>
            </param>
          </params>
          <reporter-output>
          </reporter-output>
        </test-method> <!-- runScenario -->
        <test-method signature="runScenario(io.cucumber.testng.PickleWrapper,io.cucumber.testng.FeatureWrapper)[pri:0, instance:testRunner.TestRunner@581ac8a8]" started-at="2025-03-26T18:26:51 CDT" name="runScenario" description="Runs Cucumber Scenarios" data-provider="scenarios" finished-at="2025-03-26T18:26:52 CDT" duration-ms="627" status="PASS">
          <params>
            <param index="0">
              <value>
                <![CDATA["Get functionality for different endpoints for class invalid scenarios"]]>
              </value>
            </param>
            <param index="1">
              <value>
                <![CDATA["Class Module Functionality"]]>
              </value>
            </param>
          </params>
          <reporter-output>
          </reporter-output>
        </test-method> <!-- runScenario -->
        <test-method signature="runScenario(io.cucumber.testng.PickleWrapper,io.cucumber.testng.FeatureWrapper)[pri:0, instance:testRunner.TestRunner@581ac8a8]" started-at="2025-03-26T18:26:52 CDT" name="runScenario" description="Runs Cucumber Scenarios" data-provider="scenarios" finished-at="2025-03-26T18:26:53 CDT" duration-ms="921" status="PASS">
          <params>
            <param index="0">
              <value>
                <![CDATA["Get functionality for different endpoints for class invalid scenarios"]]>
              </value>
            </param>
            <param index="1">
              <value>
                <![CDATA["Class Module Functionality"]]>
              </value>
            </param>
          </params>
          <reporter-output>
          </reporter-output>
        </test-method> <!-- runScenario -->
        <test-method signature="runScenario(io.cucumber.testng.PickleWrapper,io.cucumber.testng.FeatureWrapper)[pri:0, instance:testRunner.TestRunner@581ac8a8]" started-at="2025-03-26T18:26:53 CDT" name="runScenario" description="Runs Cucumber Scenarios" data-provider="scenarios" finished-at="2025-03-26T18:26:54 CDT" duration-ms="799" status="PASS">
          <params>
            <param index="0">
              <value>
                <![CDATA["Get functionality for different endpoints for class invalid scenarios"]]>
              </value>
            </param>
            <param index="1">
              <value>
                <![CDATA["Class Module Functionality"]]>
              </value>
            </param>
          </params>
          <reporter-output>
          </reporter-output>
        </test-method> <!-- runScenario -->
        <test-method signature="runScenario(io.cucumber.testng.PickleWrapper,io.cucumber.testng.FeatureWrapper)[pri:0, instance:testRunner.TestRunner@581ac8a8]" started-at="2025-03-26T18:26:54 CDT" name="runScenario" description="Runs Cucumber Scenarios" data-provider="scenarios" finished-at="2025-03-26T18:26:54 CDT" duration-ms="621" status="PASS">
          <params>
            <param index="0">
              <value>
                <![CDATA["Get functionality for different endpoints for class invalid scenarios"]]>
              </value>
            </param>
            <param index="1">
              <value>
                <![CDATA["Class Module Functionality"]]>
              </value>
            </param>
          </params>
          <reporter-output>
          </reporter-output>
        </test-method> <!-- runScenario -->
        <test-method signature="runScenario(io.cucumber.testng.PickleWrapper,io.cucumber.testng.FeatureWrapper)[pri:0, instance:testRunner.TestRunner@581ac8a8]" started-at="2025-03-26T18:26:54 CDT" name="runScenario" description="Runs Cucumber Scenarios" data-provider="scenarios" finished-at="2025-03-26T18:26:55 CDT" duration-ms="1021" status="PASS">
          <params>
            <param index="0">
              <value>
                <![CDATA["Get functionality for different endpoints for class invalid scenarios"]]>
              </value>
            </param>
            <param index="1">
              <value>
                <![CDATA["Class Module Functionality"]]>
              </value>
            </param>
          </params>
          <reporter-output>
          </reporter-output>
        </test-method> <!-- runScenario -->
        <test-method signature="runScenario(io.cucumber.testng.PickleWrapper,io.cucumber.testng.FeatureWrapper)[pri:0, instance:testRunner.TestRunner@581ac8a8]" started-at="2025-03-26T18:26:55 CDT" name="runScenario" description="Runs Cucumber Scenarios" data-provider="scenarios" finished-at="2025-03-26T18:26:56 CDT" duration-ms="615" status="PASS">
          <params>
            <param index="0">
              <value>
                <![CDATA["Get functionality for different endpoints for class invalid scenarios"]]>
              </value>
            </param>
            <param index="1">
              <value>
                <![CDATA["Class Module Functionality"]]>
              </value>
            </param>
          </params>
          <reporter-output>
          </reporter-output>
        </test-method> <!-- runScenario -->
        <test-method signature="runScenario(io.cucumber.testng.PickleWrapper,io.cucumber.testng.FeatureWrapper)[pri:0, instance:testRunner.TestRunner@581ac8a8]" started-at="2025-03-26T18:26:56 CDT" name="runScenario" description="Runs Cucumber Scenarios" data-provider="scenarios" finished-at="2025-03-26T18:26:57 CDT" duration-ms="915" status="PASS">
          <params>
            <param index="0">
              <value>
                <![CDATA["Get functionality for different endpoints for class invalid scenarios"]]>
              </value>
            </param>
            <param index="1">
              <value>
                <![CDATA["Class Module Functionality"]]>
              </value>
            </param>
          </params>
          <reporter-output>
          </reporter-output>
        </test-method> <!-- runScenario -->
        <test-method signature="runScenario(io.cucumber.testng.PickleWrapper,io.cucumber.testng.FeatureWrapper)[pri:0, instance:testRunner.TestRunner@581ac8a8]" started-at="2025-03-26T18:26:57 CDT" name="runScenario" description="Runs Cucumber Scenarios" data-provider="scenarios" finished-at="2025-03-26T18:26:58 CDT" duration-ms="716" status="PASS">
          <params>
            <param index="0">
              <value>
                <![CDATA["Get functionality for different endpoints for class invalid scenarios"]]>
              </value>
            </param>
            <param index="1">
              <value>
                <![CDATA["Class Module Functionality"]]>
              </value>
            </param>
          </params>
          <reporter-output>
          </reporter-output>
        </test-method> <!-- runScenario -->
        <test-method signature="runScenario(io.cucumber.testng.PickleWrapper,io.cucumber.testng.FeatureWrapper)[pri:0, instance:testRunner.TestRunner@581ac8a8]" started-at="2025-03-26T18:26:58 CDT" name="runScenario" description="Runs Cucumber Scenarios" data-provider="scenarios" finished-at="2025-03-26T18:26:58 CDT" duration-ms="585" status="PASS">
          <params>
            <param index="0">
              <value>
                <![CDATA["Get functionality for different endpoints for class invalid scenarios"]]>
              </value>
            </param>
            <param index="1">
              <value>
                <![CDATA["Class Module Functionality"]]>
              </value>
            </param>
          </params>
          <reporter-output>
          </reporter-output>
        </test-method> <!-- runScenario -->
        <test-method signature="runScenario(io.cucumber.testng.PickleWrapper,io.cucumber.testng.FeatureWrapper)[pri:0, instance:testRunner.TestRunner@581ac8a8]" started-at="2025-03-26T18:26:58 CDT" name="runScenario" description="Runs Cucumber Scenarios" data-provider="scenarios" finished-at="2025-03-26T18:26:59 CDT" duration-ms="1054" status="PASS">
          <params>
            <param index="0">
              <value>
                <![CDATA["Get functionality for different endpoints for class invalid scenarios"]]>
              </value>
            </param>
            <param index="1">
              <value>
                <![CDATA["Class Module Functionality"]]>
              </value>
            </param>
          </params>
          <reporter-output>
          </reporter-output>
        </test-method> <!-- runScenario -->
        <test-method signature="runScenario(io.cucumber.testng.PickleWrapper,io.cucumber.testng.FeatureWrapper)[pri:0, instance:testRunner.TestRunner@581ac8a8]" started-at="2025-03-26T18:26:59 CDT" name="runScenario" description="Runs Cucumber Scenarios" data-provider="scenarios" finished-at="2025-03-26T18:27:00 CDT" duration-ms="709" status="PASS">
          <params>
            <param index="0">
              <value>
                <![CDATA["Get functionality for different endpoints for class invalid scenarios"]]>
              </value>
            </param>
            <param index="1">
              <value>
                <![CDATA["Class Module Functionality"]]>
              </value>
            </param>
          </params>
          <reporter-output>
          </reporter-output>
        </test-method> <!-- runScenario -->
        <test-method signature="runScenario(io.cucumber.testng.PickleWrapper,io.cucumber.testng.FeatureWrapper)[pri:0, instance:testRunner.TestRunner@581ac8a8]" started-at="2025-03-26T18:27:00 CDT" name="runScenario" description="Runs Cucumber Scenarios" data-provider="scenarios" finished-at="2025-03-26T18:27:01 CDT" duration-ms="616" status="PASS">
          <params>
            <param index="0">
              <value>
                <![CDATA["Get functionality for different endpoints for class invalid scenarios"]]>
              </value>
            </param>
            <param index="1">
              <value>
                <![CDATA["Class Module Functionality"]]>
              </value>
            </param>
          </params>
          <reporter-output>
          </reporter-output>
        </test-method> <!-- runScenario -->
        <test-method signature="runScenario(io.cucumber.testng.PickleWrapper,io.cucumber.testng.FeatureWrapper)[pri:0, instance:testRunner.TestRunner@581ac8a8]" started-at="2025-03-26T18:27:01 CDT" name="runScenario" description="Runs Cucumber Scenarios" data-provider="scenarios" finished-at="2025-03-26T18:27:02 CDT" duration-ms="816" status="PASS">
          <params>
            <param index="0">
              <value>
                <![CDATA["Delete functionality for different values for class"]]>
              </value>
            </param>
            <param index="1">
              <value>
                <![CDATA["Class Module Functionality"]]>
              </value>
            </param>
          </params>
          <reporter-output>
          </reporter-output>
        </test-method> <!-- runScenario -->
        <test-method signature="runScenario(io.cucumber.testng.PickleWrapper,io.cucumber.testng.FeatureWrapper)[pri:0, instance:testRunner.TestRunner@581ac8a8]" started-at="2025-03-26T18:27:02 CDT" name="runScenario" description="Runs Cucumber Scenarios" data-provider="scenarios" finished-at="2025-03-26T18:27:02 CDT" duration-ms="921" status="PASS">
          <params>
            <param index="0">
              <value>
                <![CDATA["Delete functionality for different values for class"]]>
              </value>
            </param>
            <param index="1">
              <value>
                <![CDATA["Class Module Functionality"]]>
              </value>
            </param>
          </params>
          <reporter-output>
          </reporter-output>
        </test-method> <!-- runScenario -->
        <test-method signature="runScenario(io.cucumber.testng.PickleWrapper,io.cucumber.testng.FeatureWrapper)[pri:0, instance:testRunner.TestRunner@581ac8a8]" started-at="2025-03-26T18:27:02 CDT" name="runScenario" description="Runs Cucumber Scenarios" data-provider="scenarios" finished-at="2025-03-26T18:27:03 CDT" duration-ms="714" status="PASS">
          <params>
            <param index="0">
              <value>
                <![CDATA["Delete functionality for different values for class"]]>
              </value>
            </param>
            <param index="1">
              <value>
                <![CDATA["Class Module Functionality"]]>
              </value>
            </param>
          </params>
          <reporter-output>
          </reporter-output>
        </test-method> <!-- runScenario -->
        <test-method signature="runScenario(io.cucumber.testng.PickleWrapper,io.cucumber.testng.FeatureWrapper)[pri:0, instance:testRunner.TestRunner@581ac8a8]" started-at="2025-03-26T18:27:03 CDT" name="runScenario" description="Runs Cucumber Scenarios" data-provider="scenarios" finished-at="2025-03-26T18:27:04 CDT" duration-ms="1022" status="PASS">
          <params>
            <param index="0">
              <value>
                <![CDATA["Change the classId status to Active for chaining"]]>
              </value>
            </param>
            <param index="1">
              <value>
                <![CDATA["Class Module Functionality"]]>
              </value>
            </param>
          </params>
          <reporter-output>
          </reporter-output>
        </test-method> <!-- runScenario -->
        <test-method is-config="true" signature="tearDownClass()[pri:0, instance:testRunner.TestRunner@581ac8a8]" started-at="2025-03-26T18:27:04 CDT" name="tearDownClass" finished-at="2025-03-26T18:27:04 CDT" duration-ms="301" status="PASS">
          <reporter-output>
          </reporter-output>
        </test-method> <!-- tearDownClass -->
      </class> <!-- testRunner.TestRunner -->
    </test> <!-- Default test -->
  </suite> <!-- Default suite -->
</testng-results>
